Using pre-set license
Built from '2020.3/staging' branch; Version is '2020.3.14f1 (d0d1bb862f9d) revision 13685179'; Using compiler version '192528614'; Build Type 'Release'
OS: 'Windows 10 Home; OS build 19043.1110; Version 2009; 64bit' Language: 'en' Physical Memory: 7880 MB
BatchMode: 1, IsHumanControllingUs: 0, StartBugReporterOnCrash: 0, Is64bit: 1, IsPro: 0

 COMMAND LINE ARGUMENTS:
C:\Program Files\2020.3.14f1\Editor\Unity.exe
-adb2
-batchMode
-noUpm
-name
AssetImportWorker0
-projectPath
C:/Users/brett/OneDrive/Documents/holbertonschool-unity/0x0E-unity-webvr
-logFile
Logs/AssetImportWorker0.log
-srvPort
65043
Successfully changed project path to: C:/Users/brett/OneDrive/Documents/holbertonschool-unity/0x0E-unity-webvr
C:/Users/brett/OneDrive/Documents/holbertonschool-unity/0x0E-unity-webvr
Using Asset Import Pipeline V2.
Refreshing native plugins compatible for Editor in 34.17 ms, found 2 plugins.
Preloading 0 native plugins for Editor in 0.00 ms.
Initialize engine version: 2020.3.14f1 (d0d1bb862f9d)
[Subsystems] Discovering subsystems at path C:/Program Files/2020.3.14f1/Editor/Data/Resources/UnitySubsystems
[Subsystems] Discovering subsystems at path C:/Users/brett/OneDrive/Documents/holbertonschool-unity/0x0E-unity-webvr/Assets
GfxDevice: creating device client; threaded=0
Direct3D:
    Version:  Direct3D 11.0 [level 11.1]
    Renderer: Intel(R) UHD Graphics (ID=0x8a56)
    Vendor:   
    VRAM:     3940 MB
    Driver:   27.20.100.8853
Initialize mono
Mono path[0] = 'C:/Program Files/2020.3.14f1/Editor/Data/Managed'
Mono path[1] = 'C:/Program Files/2020.3.14f1/Editor/Data/MonoBleedingEdge/lib/mono/unityjit'
Mono config path = 'C:/Program Files/2020.3.14f1/Editor/Data/MonoBleedingEdge/etc'
Using monoOptions --debugger-agent=transport=dt_socket,embedding=1,server=y,suspend=n,address=127.0.0.1:56308
Begin MonoManager ReloadAssembly
Registering precompiled unity dll's ...
Register platform support module: C:/Program Files/2020.3.14f1/Editor/Data/PlaybackEngines/WebGLSupport/UnityEditor.WebGL.Extensions.dll
Register platform support module: C:/Program Files/2020.3.14f1/Editor/Data/PlaybackEngines/WindowsStandaloneSupport/UnityEditor.WindowsStandalone.Extensions.dll
Registered in 0.002720 seconds.
Native extension for WindowsStandalone target not found
Native extension for WebGL target not found
Refreshing native plugins compatible for Editor in 47.36 ms, found 2 plugins.
Preloading 0 native plugins for Editor in 0.00 ms.
Mono: successfully reloaded assembly
- Completed reload, in  2.355 seconds
Domain Reload Profiling:
	ReloadAssembly (2356ms)
		BeginReloadAssembly (51ms)
			ExecutionOrderSort (0ms)
			DisableScriptedObjects (0ms)
			BackupInstance (0ms)
			ReleaseScriptingObjects (0ms)
			CreateAndSetChildDomain (1ms)
		EndReloadAssembly (615ms)
			LoadAssemblies (50ms)
			RebuildTransferFunctionScriptingTraits (0ms)
			SetupTypeCache (222ms)
			ReleaseScriptCaches (0ms)
			RebuildScriptCaches (45ms)
			SetupLoadedEditorAssemblies (238ms)
				LogAssemblyErrors (0ms)
				InitializePlatformSupportModulesInManaged (8ms)
				SetLoadedEditorAssemblies (0ms)
				RefreshPlugins (47ms)
				BeforeProcessingInitializeOnLoad (11ms)
				ProcessInitializeOnLoadAttributes (130ms)
				ProcessInitializeOnLoadMethodAttributes (41ms)
				AfterProcessingInitializeOnLoad (0ms)
				EditorAssembliesLoaded (0ms)
			ExecutionOrderSort2 (0ms)
			AwakeInstancesAfterBackupRestoration (0ms)
Platform modules already initialized, skipping
Registering precompiled user dll's ...
Registered in 0.004859 seconds.
Begin MonoManager ReloadAssembly
Native extension for WindowsStandalone target not found
Native extension for WebGL target not found
Refreshing native plugins compatible for Editor in 0.38 ms, found 2 plugins.
Preloading 0 native plugins for Editor in 0.00 ms.
Mono: successfully reloaded assembly
- Completed reload, in  1.499 seconds
Domain Reload Profiling:
	ReloadAssembly (1500ms)
		BeginReloadAssembly (202ms)
			ExecutionOrderSort (0ms)
			DisableScriptedObjects (7ms)
			BackupInstance (0ms)
			ReleaseScriptingObjects (0ms)
			CreateAndSetChildDomain (25ms)
		EndReloadAssembly (1204ms)
			LoadAssemblies (125ms)
			RebuildTransferFunctionScriptingTraits (0ms)
			SetupTypeCache (414ms)
			ReleaseScriptCaches (0ms)
			RebuildScriptCaches (62ms)
			SetupLoadedEditorAssemblies (458ms)
				LogAssemblyErrors (0ms)
				InitializePlatformSupportModulesInManaged (6ms)
				SetLoadedEditorAssemblies (0ms)
				RefreshPlugins (0ms)
				BeforeProcessingInitializeOnLoad (58ms)
				ProcessInitializeOnLoadAttributes (379ms)
				ProcessInitializeOnLoadMethodAttributes (7ms)
				AfterProcessingInitializeOnLoad (7ms)
				EditorAssembliesLoaded (0ms)
			ExecutionOrderSort2 (0ms)
			AwakeInstancesAfterBackupRestoration (10ms)
Platform modules already initialized, skipping
========================================================================
Worker process is ready to serve import requests
Launched and connected shader compiler UnityShaderCompiler.exe after 0.06 seconds
Refreshing native plugins compatible for Editor in 0.43 ms, found 2 plugins.
Preloading 0 native plugins for Editor in 0.00 ms.
Unloading 1484 Unused Serialized files (Serialized files now loaded: 0)
System memory in use before: 68.2 MB.
System memory in use after: 68.2 MB.

Unloading 20 unused Assets to reduce memory usage. Loaded Objects now: 1920.
Total: 2.328600 ms (FindLiveObjects: 0.196300 ms CreateObjectMapping: 0.055400 ms MarkObjects: 1.973000 ms  DeleteObjects: 0.101400 ms)

AssetImportParameters requested are different than current active one (requested -> active):
  custom:framework-win-MediaFoundation: 216162199b28c13a410421893ffa2e32 -> 
  custom:video-decoder-ogg-theora: a1e56fd34408186e4bbccfd4996cb3dc -> 
  custom:container-muxer-webm: aa71ff27fc2769a1b78a27578f13a17b -> 
  custom:container-demuxer-webm: 4f35f7cbe854078d1ac9338744f61a02 -> 
  custom:container-demuxer-ogg: 62fdf1f143b41e24485cea50d1cbac27 -> 
  custom:video-encoder-webm-vp8: eb34c28f22e8b96e1ab97ce403110664 -> 
  custom:video-decoder-webm-vp8: 9c59270c3fd7afecdb556c50c9e8de78 -> 
  custom:audio-decoder-ogg-vorbis: bf7c407c2cedff20999df2af8eb42d56 -> 
  custom:audio-encoder-webm-vorbis: bf7c407c2cedff20999df2af8eb42d56 -> 
========================================================================
Received Import Request.
  path: Assets/_TerrainAutoUpgrade/layer_ground_aground_a_normald261c09ae55ba1e3.terrainlayer
  artifactKey: Guid(0d6ff55a97e9a3b4998ad70e2b5ada5f) Importer(815301076,1909f56bfc062723c751e8b465ee728b)
Start importing Assets/_TerrainAutoUpgrade/layer_ground_aground_a_normald261c09ae55ba1e3.terrainlayer using Guid(0d6ff55a97e9a3b4998ad70e2b5ada5f) Importer(815301076,1909f56bfc062723c751e8b465ee728b)  -> (artifact id: 'b0da45e6461410ad26684d54acadabcd') in 0.145822 seconds 
  Import took 0.150190 seconds .

========================================================================
Received Import Request.
  Time since last request: 0.000216 seconds.
  path: Assets/_TerrainAutoUpgrade
  artifactKey: Guid(aaaba925591f7374aab07e5349990a90) Importer(815301076,1909f56bfc062723c751e8b465ee728b)
Start importing Assets/_TerrainAutoUpgrade using Guid(aaaba925591f7374aab07e5349990a90) Importer(815301076,1909f56bfc062723c751e8b465ee728b)  -> (artifact id: '8a16367a2bbab6dd3ca96be4fcda33be') in 0.011043 seconds 
  Import took 0.014442 seconds .

========================================================================
Received Import Request.
  Time since last request: 0.000253 seconds.
  path: Assets/Stylized Nature Environment/Textures/ground_a.psd
  artifactKey: Guid(a4a1d2fdb8e0c5448838218145fb11c9) Importer(815301076,1909f56bfc062723c751e8b465ee728b)
Start importing Assets/Stylized Nature Environment/Textures/ground_a.psd using Guid(a4a1d2fdb8e0c5448838218145fb11c9) Importer(815301076,1909f56bfc062723c751e8b465ee728b)  -> (artifact id: '795d0c701d9ea36d12ddc3c8586ed43d') in 0.041239 seconds 
  Import took 0.046927 seconds .

========================================================================
Received Import Request.
  Time since last request: 0.000307 seconds.
  path: Assets/Stylized Nature Environment/Textures/ground_a_normal.psd
  artifactKey: Guid(1b545f5e15dc8744389cc31f850159fb) Importer(815301076,1909f56bfc062723c751e8b465ee728b)
Start importing Assets/Stylized Nature Environment/Textures/ground_a_normal.psd using Guid(1b545f5e15dc8744389cc31f850159fb) Importer(815301076,1909f56bfc062723c751e8b465ee728b)  -> (artifact id: '58de2ac10cb0f942ff902c42437431b6') in 0.333905 seconds 
  Import took 0.339348 seconds .

========================================================================
Received Import Request.
  Time since last request: 0.000580 seconds.
  path: Assets/Stylized Nature Environment/Textures/ground_a_normal.psd
  artifactKey: Guid(1b545f5e15dc8744389cc31f850159fb) Importer(815301076,1909f56bfc062723c751e8b465ee728b)
Start importing Assets/Stylized Nature Environment/Textures/ground_a_normal.psd using Guid(1b545f5e15dc8744389cc31f850159fb) Importer(815301076,1909f56bfc062723c751e8b465ee728b)  -> (artifact id: '58de2ac10cb0f942ff902c42437431b6') in 0.026793 seconds 
  Import took 0.031865 seconds .

========================================================================
Received Import Request.
  Time since last request: 0.551754 seconds.
  path: Assets/Stylized Nature Environment/Terrain
  artifactKey: Guid(c79528b9473fc0b4fbb9e2f25f3de45f) Importer(815301076,1909f56bfc062723c751e8b465ee728b)
Start importing Assets/Stylized Nature Environment/Terrain using Guid(c79528b9473fc0b4fbb9e2f25f3de45f) Importer(815301076,1909f56bfc062723c751e8b465ee728b)  -> (artifact id: 'a986d00a68cd99b0ab90e3cad8122250') in 0.013294 seconds 
  Import took 0.017249 seconds .

========================================================================
Received Import Request.
  Time since last request: 0.064824 seconds.
  path: Assets/Stylized Nature Environment/Terrain/mountain.FBX
  artifactKey: Guid(13f795b7732ab2f479601ab748af4249) Importer(815301076,1909f56bfc062723c751e8b465ee728b)
Start importing Assets/Stylized Nature Environment/Terrain/mountain.FBX using Guid(13f795b7732ab2f479601ab748af4249) Importer(815301076,1909f56bfc062723c751e8b465ee728b)  -> (artifact id: 'd20564eb738518a04205c163baaa0f98') in 0.079132 seconds 
  Import took 0.082893 seconds .

========================================================================
Received Import Request.
  Time since last request: 0.000349 seconds.
  path: Assets/Stylized Nature Environment/Terrain/Terrain.asset
  artifactKey: Guid(cfb642e5ebbe6db4db73016b2dbe9c55) Importer(815301076,1909f56bfc062723c751e8b465ee728b)
Start importing Assets/Stylized Nature Environment/Terrain/Terrain.asset using Guid(cfb642e5ebbe6db4db73016b2dbe9c55) Importer(815301076,1909f56bfc062723c751e8b465ee728b) The tree tree_a must use the Nature/Soft Occlusion shader. Otherwise billboarding/lighting will not work correctly.

The tree tree_b must use the Nature/Soft Occlusion shader. Otherwise billboarding/lighting will not work correctly.

The tree tree_c must use the Nature/Soft Occlusion shader. Otherwise billboarding/lighting will not work correctly.

The tree tree_d must use the Nature/Soft Occlusion shader. Otherwise billboarding/lighting will not work correctly.

The tree tree_e must use the Nature/Soft Occlusion shader. Otherwise billboarding/lighting will not work correctly.

The tree tree_f must use the Nature/Soft Occlusion shader. Otherwise billboarding/lighting will not work correctly.

The tree tree_g must use the Nature/Soft Occlusion shader. Otherwise billboarding/lighting will not work correctly.

The tree tree_h must use the Nature/Soft Occlusion shader. Otherwise billboarding/lighting will not work correctly.

The tree tree_i must use the Nature/Soft Occlusion shader. Otherwise billboarding/lighting will not work correctly.

The tree tree_j must use the Nature/Soft Occlusion shader. Otherwise billboarding/lighting will not work correctly.

The tree tree_k must use the Nature/Soft Occlusion shader. Otherwise billboarding/lighting will not work correctly.

 -> (artifact id: '37056929f18d817a324e2b8f658ad1c6') in 0.496034 seconds 
  Import took 0.507076 seconds .

========================================================================
Received Import Request.
  Time since last request: 0.000224 seconds.
  path: Assets/Stylized Nature Environment/Terrain/sky.FBX
  artifactKey: Guid(549f84bbc42ec39489d2d8627dddef59) Importer(815301076,1909f56bfc062723c751e8b465ee728b)
Start importing Assets/Stylized Nature Environment/Terrain/sky.FBX using Guid(549f84bbc42ec39489d2d8627dddef59) Importer(815301076,1909f56bfc062723c751e8b465ee728b)  -> (artifact id: 'eff43033c9fd457ef992b7ea6069d7ee') in 0.041028 seconds 
  Import took 0.044634 seconds .

========================================================================
Received Import Request.
  Time since last request: 1.950412 seconds.
  path: Assets/Stylized Nature Environment/Terrain/Materials
  artifactKey: Guid(1301d5b8947fc5c469d795160b8ae1b7) Importer(815301076,1909f56bfc062723c751e8b465ee728b)
Start importing Assets/Stylized Nature Environment/Terrain/Materials using Guid(1301d5b8947fc5c469d795160b8ae1b7) Importer(815301076,1909f56bfc062723c751e8b465ee728b)  -> (artifact id: '044e24da4370938ffbe82266c54382c5') in 0.005143 seconds 
  Import took 0.009359 seconds .

========================================================================
Received Import Request.
  Time since last request: 0.001451 seconds.
  path: Assets/Stylized Nature Environment/Terrain/Materials
  artifactKey: Guid(1301d5b8947fc5c469d795160b8ae1b7) Importer(815301076,1909f56bfc062723c751e8b465ee728b)
Start importing Assets/Stylized Nature Environment/Terrain/Materials using Guid(1301d5b8947fc5c469d795160b8ae1b7) Importer(815301076,1909f56bfc062723c751e8b465ee728b)  -> (artifact id: '044e24da4370938ffbe82266c54382c5') in 0.003543 seconds 
  Import took 0.007322 seconds .

========================================================================
Received Import Request.
  Time since last request: 0.058756 seconds.
  path: Assets/Stylized Nature Environment/Terrain/Materials/mesh_low.mat
  artifactKey: Guid(23e6aa499a11ac14080ffe262e51ee5e) Importer(815301076,1909f56bfc062723c751e8b465ee728b)
Start importing Assets/Stylized Nature Environment/Terrain/Materials/mesh_low.mat using Guid(23e6aa499a11ac14080ffe262e51ee5e) Importer(815301076,1909f56bfc062723c751e8b465ee728b)  -> (artifact id: '037c04c125d9d72fbd51742d292a8e49') in 0.040066 seconds 
  Import took 0.043736 seconds .

========================================================================
Received Import Request.
  Time since last request: 0.000272 seconds.
  path: Assets/Stylized Nature Environment/Terrain/Materials/No Name.mat
  artifactKey: Guid(7c9cf2f6dc735a947a840b2163d33640) Importer(815301076,1909f56bfc062723c751e8b465ee728b)
Start importing Assets/Stylized Nature Environment/Terrain/Materials/No Name.mat using Guid(7c9cf2f6dc735a947a840b2163d33640) Importer(815301076,1909f56bfc062723c751e8b465ee728b)  -> (artifact id: 'cb8b2621007c9335d07691bbf12dd0b8') in 0.019476 seconds 
  Import took 0.022644 seconds .

========================================================================
Received Import Request.
  Time since last request: 0.000439 seconds.
  path: Assets/Stylized Nature Environment/Terrain/Materials/mountain.mat
  artifactKey: Guid(83e6d72a3cb722f4dacf83805211b57b) Importer(815301076,1909f56bfc062723c751e8b465ee728b)
Start importing Assets/Stylized Nature Environment/Terrain/Materials/mountain.mat using Guid(83e6d72a3cb722f4dacf83805211b57b) Importer(815301076,1909f56bfc062723c751e8b465ee728b)  -> (artifact id: 'bf3bba157e972db933bd77606bc562d7') in 0.284282 seconds 
  Import took 0.288566 seconds .

========================================================================
Received Import Request.
  Time since last request: 0.000309 seconds.
  path: Assets/Stylized Nature Environment/Terrain/Materials/sky.mat
  artifactKey: Guid(2428d06d7a2314f429d86b01480b3db6) Importer(815301076,1909f56bfc062723c751e8b465ee728b)
Start importing Assets/Stylized Nature Environment/Terrain/Materials/sky.mat using Guid(2428d06d7a2314f429d86b01480b3db6) Importer(815301076,1909f56bfc062723c751e8b465ee728b)  -> (artifact id: 'e746b6be93e41c80e2a24895fb7ce717') in 0.204557 seconds 
  Import took 0.207693 seconds .

========================================================================
Received Import Request.
  Time since last request: 4.199185 seconds.
  path: Assets/Stylized Nature Environment/Prefabs
  artifactKey: Guid(ff947399971270846a51cbe4829446ed) Importer(815301076,1909f56bfc062723c751e8b465ee728b)
Start importing Assets/Stylized Nature Environment/Prefabs using Guid(ff947399971270846a51cbe4829446ed) Importer(815301076,1909f56bfc062723c751e8b465ee728b)  -> (artifact id: '0eb41367b1b72352fbf832e3d078d788') in 0.004063 seconds 
  Import took 0.008028 seconds .

========================================================================
Received Import Request.
  Time since last request: 0.000415 seconds.
  path: Assets/Stylized Nature Environment/Prefabs
  artifactKey: Guid(ff947399971270846a51cbe4829446ed) Importer(815301076,1909f56bfc062723c751e8b465ee728b)
Start importing Assets/Stylized Nature Environment/Prefabs using Guid(ff947399971270846a51cbe4829446ed) Importer(815301076,1909f56bfc062723c751e8b465ee728b)  -> (artifact id: '0eb41367b1b72352fbf832e3d078d788') in 0.004428 seconds 
  Import took 0.008655 seconds .

========================================================================
Received Import Request.
  Time since last request: 0.070853 seconds.
  path: Assets/Stylized Nature Environment/Prefabs/mountain.prefab
  artifactKey: Guid(229d7fab587866f4c9a74f4a8a1f4707) Importer(815301076,1909f56bfc062723c751e8b465ee728b)
Start importing Assets/Stylized Nature Environment/Prefabs/mountain.prefab using Guid(229d7fab587866f4c9a74f4a8a1f4707) Importer(815301076,1909f56bfc062723c751e8b465ee728b)  -> (artifact id: 'da233030e8b79c921aa32020bfb78192') in 0.024557 seconds 
  Import took 0.028735 seconds .

========================================================================
Received Import Request.
  Time since last request: 0.000312 seconds.
  path: Assets/Stylized Nature Environment/Prefabs/tree_d.prefab
  artifactKey: Guid(234f6fb2a7141ac4babed013ec52d294) Importer(815301076,1909f56bfc062723c751e8b465ee728b)
Start importing Assets/Stylized Nature Environment/Prefabs/tree_d.prefab using Guid(234f6fb2a7141ac4babed013ec52d294) Importer(815301076,1909f56bfc062723c751e8b465ee728b)  -> (artifact id: 'e51aff5b93f58fa22930e8247d399568') in 0.519416 seconds 
  Import took 0.522577 seconds .

========================================================================
Received Import Request.
  Time since last request: 0.000297 seconds.
  path: Assets/Stylized Nature Environment/Prefabs/tree_a.prefab
  artifactKey: Guid(17cb05b9f8bd51347a369b124d73be13) Importer(815301076,1909f56bfc062723c751e8b465ee728b)
Start importing Assets/Stylized Nature Environment/Prefabs/tree_a.prefab using Guid(17cb05b9f8bd51347a369b124d73be13) Importer(815301076,1909f56bfc062723c751e8b465ee728b)  -> (artifact id: 'e52ed21b40173eb2341f44415ec2e706') in 0.027044 seconds 
  Import took 0.031143 seconds .

========================================================================
Received Import Request.
  Time since last request: 0.000297 seconds.
  path: Assets/Stylized Nature Environment/Prefabs/sky.prefab
  artifactKey: Guid(ce1c47babe5679143b24221e8878c4dd) Importer(815301076,1909f56bfc062723c751e8b465ee728b)
Start importing Assets/Stylized Nature Environment/Prefabs/sky.prefab using Guid(ce1c47babe5679143b24221e8878c4dd) Importer(815301076,1909f56bfc062723c751e8b465ee728b)  -> (artifact id: '2f4b4d637edd82d596601eec1afb570a') in 0.025056 seconds 
  Import took 0.029201 seconds .

========================================================================
Received Import Request.
  Time since last request: 0.000308 seconds.
  path: Assets/Stylized Nature Environment/Prefabs/tree_g.prefab
  artifactKey: Guid(f8244925291293049a4f9db693e9e395) Importer(815301076,1909f56bfc062723c751e8b465ee728b)
Start importing Assets/Stylized Nature Environment/Prefabs/tree_g.prefab using Guid(f8244925291293049a4f9db693e9e395) Importer(815301076,1909f56bfc062723c751e8b465ee728b)  -> (artifact id: 'dda9c9da1fb0bb3fd667607bedf8decf') in 0.023651 seconds 
  Import took 0.028765 seconds .

========================================================================
Received Import Request.
  Time since last request: 0.000405 seconds.
  path: Assets/Stylized Nature Environment/Prefabs/tree_b.prefab
  artifactKey: Guid(fb3ec1f990e0834459e20e7be2459d63) Importer(815301076,1909f56bfc062723c751e8b465ee728b)
Start importing Assets/Stylized Nature Environment/Prefabs/tree_b.prefab using Guid(fb3ec1f990e0834459e20e7be2459d63) Importer(815301076,1909f56bfc062723c751e8b465ee728b)  -> (artifact id: '15ad8a33b67746c74e63c1d07ea892b6') in 0.024146 seconds 
  Import took 0.028976 seconds .

========================================================================
Received Import Request.
  Time since last request: 0.000332 seconds.
  path: Assets/Stylized Nature Environment/Prefabs/tree_i.prefab
  artifactKey: Guid(c8241c5696cbec14bae8a38a0489c6ef) Importer(815301076,1909f56bfc062723c751e8b465ee728b)
Start importing Assets/Stylized Nature Environment/Prefabs/tree_i.prefab using Guid(c8241c5696cbec14bae8a38a0489c6ef) Importer(815301076,1909f56bfc062723c751e8b465ee728b)  -> (artifact id: '70c48f72945d38efe87cce6eaefe114b') in 0.029310 seconds 
  Import took 0.034067 seconds .

========================================================================
Received Import Request.
  Time since last request: 0.000275 seconds.
  path: Assets/Stylized Nature Environment/Prefabs/tree_j.prefab
  artifactKey: Guid(860cb32684b3a554ca851ba50a94d0cc) Importer(815301076,1909f56bfc062723c751e8b465ee728b)
Start importing Assets/Stylized Nature Environment/Prefabs/tree_j.prefab using Guid(860cb32684b3a554ca851ba50a94d0cc) Importer(815301076,1909f56bfc062723c751e8b465ee728b)  -> (artifact id: '7f749001214cb471c344e90db8414fb5') in 0.023911 seconds 
  Import took 0.027916 seconds .

========================================================================
Received Import Request.
  Time since last request: 0.000272 seconds.
  path: Assets/Stylized Nature Environment/Prefabs/tree_e.prefab
  artifactKey: Guid(4c19e7fac9429a743b3a44dab80d5829) Importer(815301076,1909f56bfc062723c751e8b465ee728b)
Start importing Assets/Stylized Nature Environment/Prefabs/tree_e.prefab using Guid(4c19e7fac9429a743b3a44dab80d5829) Importer(815301076,1909f56bfc062723c751e8b465ee728b)  -> (artifact id: '9ec071fd93fe673b3bf13259cbd87cc0') in 0.024292 seconds 
  Import took 0.028703 seconds .

========================================================================
Received Import Request.
  Time since last request: 0.000310 seconds.
  path: Assets/Stylized Nature Environment/Prefabs/tree_h.prefab
  artifactKey: Guid(cc73d15ad10bfb04bb62d40a852cec0a) Importer(815301076,1909f56bfc062723c751e8b465ee728b)
Start importing Assets/Stylized Nature Environment/Prefabs/tree_h.prefab using Guid(cc73d15ad10bfb04bb62d40a852cec0a) Importer(815301076,1909f56bfc062723c751e8b465ee728b)  -> (artifact id: '9da18920e87bf1aaa9755ef6cef09237') in 0.027376 seconds 
  Import took 0.031536 seconds .

========================================================================
Received Import Request.
  Time since last request: 0.000331 seconds.
  path: Assets/Stylized Nature Environment/Prefabs/tree_c.prefab
  artifactKey: Guid(2dec588a435420f4589914de23d120f5) Importer(815301076,1909f56bfc062723c751e8b465ee728b)
Start importing Assets/Stylized Nature Environment/Prefabs/tree_c.prefab using Guid(2dec588a435420f4589914de23d120f5) Importer(815301076,1909f56bfc062723c751e8b465ee728b)  -> (artifact id: '9c75fb68b4a0ddadbcc06b42e1a1570e') in 0.023259 seconds 
  Import took 0.027687 seconds .

========================================================================
Received Import Request.
  Time since last request: 0.001047 seconds.
  path: Assets/Stylized Nature Environment/Prefabs/tree_f.prefab
  artifactKey: Guid(0a5c7fe0194741c48a466d7c6316f970) Importer(815301076,1909f56bfc062723c751e8b465ee728b)
Start importing Assets/Stylized Nature Environment/Prefabs/tree_f.prefab using Guid(0a5c7fe0194741c48a466d7c6316f970) Importer(815301076,1909f56bfc062723c751e8b465ee728b)  -> (artifact id: 'aa41de35d009763420c5d002789d16ec') in 0.025264 seconds 
  Import took 0.029173 seconds .

========================================================================
Received Import Request.
  Time since last request: 0.000311 seconds.
  path: Assets/Stylized Nature Environment/Prefabs/tree_k.prefab
  artifactKey: Guid(84e38d7f6eafbd44c94f15c42908c48c) Importer(815301076,1909f56bfc062723c751e8b465ee728b)
Start importing Assets/Stylized Nature Environment/Prefabs/tree_k.prefab using Guid(84e38d7f6eafbd44c94f15c42908c48c) Importer(815301076,1909f56bfc062723c751e8b465ee728b)  -> (artifact id: 'bd20f7ccaead3bb72177ac088363a4de') in 0.023890 seconds 
  Import took 0.029197 seconds .

========================================================================
Received Import Request.
  Time since last request: 0.004200 seconds.
  path: Assets/Stylized Nature Environment/Prefabs/tree_k.prefab
  artifactKey: Guid(84e38d7f6eafbd44c94f15c42908c48c) Importer(815301076,1909f56bfc062723c751e8b465ee728b)
Start importing Assets/Stylized Nature Environment/Prefabs/tree_k.prefab using Guid(84e38d7f6eafbd44c94f15c42908c48c) Importer(815301076,1909f56bfc062723c751e8b465ee728b)  -> (artifact id: 'bd20f7ccaead3bb72177ac088363a4de') in 0.016515 seconds 
  Import took 0.021647 seconds .

========================================================================
Received Import Request.
  Time since last request: 78.334740 seconds.
  path: Assets/Stylized Nature Environment/Nature
  artifactKey: Guid(1ce510fc135a3e64798ec94c7b6bbb5a) Importer(815301076,1909f56bfc062723c751e8b465ee728b)
Start importing Assets/Stylized Nature Environment/Nature using Guid(1ce510fc135a3e64798ec94c7b6bbb5a) Importer(815301076,1909f56bfc062723c751e8b465ee728b)  -> (artifact id: '969ca30f9746b50ec45c6048e74352ad') in 0.013303 seconds 
  Import took 0.017864 seconds .

========================================================================
Received Import Request.
  Time since last request: 0.001361 seconds.
  path: Assets/Stylized Nature Environment/Nature
  artifactKey: Guid(1ce510fc135a3e64798ec94c7b6bbb5a) Importer(815301076,1909f56bfc062723c751e8b465ee728b)
Start importing Assets/Stylized Nature Environment/Nature using Guid(1ce510fc135a3e64798ec94c7b6bbb5a) Importer(815301076,1909f56bfc062723c751e8b465ee728b)  -> (artifact id: '969ca30f9746b50ec45c6048e74352ad') in 0.004519 seconds 
  Import took 0.007890 seconds .

========================================================================
Received Import Request.
  Time since last request: 0.036282 seconds.
  path: Assets/Stylized Nature Environment/Nature/branch_tex.png
  artifactKey: Guid(9634ee48c3f26e64eac59fc3a11a5bdb) Importer(815301076,1909f56bfc062723c751e8b465ee728b)
Start importing Assets/Stylized Nature Environment/Nature/branch_tex.png using Guid(9634ee48c3f26e64eac59fc3a11a5bdb) Importer(815301076,1909f56bfc062723c751e8b465ee728b)  -> (artifact id: '9fa3f8b5d23f9adeac0f4db2a2975d3b') in 0.025473 seconds 
  Import took 0.029824 seconds .

========================================================================
Received Import Request.
  Time since last request: 0.000401 seconds.
  path: Assets/Stylized Nature Environment/Nature/tree_k.fbx
  artifactKey: Guid(f9f7079375b9f594cbb8e49da61fc719) Importer(815301076,1909f56bfc062723c751e8b465ee728b)
Start importing Assets/Stylized Nature Environment/Nature/tree_k.fbx using Guid(f9f7079375b9f594cbb8e49da61fc719) Importer(815301076,1909f56bfc062723c751e8b465ee728b)  -> (artifact id: 'ff34006e173ca4fdd844d2384a97dacf') in 0.032851 seconds 
  Import took 0.035963 seconds .

========================================================================
Received Import Request.
  Time since last request: 0.000312 seconds.
  path: Assets/Stylized Nature Environment/Nature/tree_b.fbx
  artifactKey: Guid(9d4e7a78f889a844ca0d91916d92beb6) Importer(815301076,1909f56bfc062723c751e8b465ee728b)
Start importing Assets/Stylized Nature Environment/Nature/tree_b.fbx using Guid(9d4e7a78f889a844ca0d91916d92beb6) Importer(815301076,1909f56bfc062723c751e8b465ee728b)  -> (artifact id: '36a5c4f5e06df5150f73b625c47e9587') in 0.030709 seconds 
  Import took 0.033955 seconds .

========================================================================
Received Import Request.
  Time since last request: 0.000397 seconds.
  path: Assets/Stylized Nature Environment/Nature/tree_f.fbx
  artifactKey: Guid(d6390f08259b01b48ab6f39baec54113) Importer(815301076,1909f56bfc062723c751e8b465ee728b)
Start importing Assets/Stylized Nature Environment/Nature/tree_f.fbx using Guid(d6390f08259b01b48ab6f39baec54113) Importer(815301076,1909f56bfc062723c751e8b465ee728b)  -> (artifact id: 'b8ef8445665a438d4d143eafa2ac6c6b') in 0.030592 seconds 
  Import took 0.034262 seconds .

========================================================================
Received Import Request.
  Time since last request: 0.000253 seconds.
  path: Assets/Stylized Nature Environment/Nature/tree_i.fbx
  artifactKey: Guid(679834144b39ebb49bfc8566678cec1b) Importer(815301076,1909f56bfc062723c751e8b465ee728b)
Start importing Assets/Stylized Nature Environment/Nature/tree_i.fbx using Guid(679834144b39ebb49bfc8566678cec1b) Importer(815301076,1909f56bfc062723c751e8b465ee728b)  -> (artifact id: 'fc9560af0d211f272f332a0f680fbcf8') in 0.030102 seconds 
  Import took 0.033496 seconds .

========================================================================
Received Import Request.
  Time since last request: 0.000395 seconds.
  path: Assets/Stylized Nature Environment/Nature/foliage04.psd
  artifactKey: Guid(57bf64a50bfaddf4f934b7ebb7a6ae79) Importer(815301076,1909f56bfc062723c751e8b465ee728b)
Start importing Assets/Stylized Nature Environment/Nature/foliage04.psd using Guid(57bf64a50bfaddf4f934b7ebb7a6ae79) Importer(815301076,1909f56bfc062723c751e8b465ee728b)  -> (artifact id: '5eaeedf63eed84e3d213c802c3884748') in 0.022041 seconds 
  Import took 0.027166 seconds .

========================================================================
Received Import Request.
  Time since last request: 0.000342 seconds.
  path: Assets/Stylized Nature Environment/Nature/foliage07-b.psd
  artifactKey: Guid(03867b1f38d354c43aa1ac903bce5b71) Importer(815301076,1909f56bfc062723c751e8b465ee728b)
Start importing Assets/Stylized Nature Environment/Nature/foliage07-b.psd using Guid(03867b1f38d354c43aa1ac903bce5b71) Importer(815301076,1909f56bfc062723c751e8b465ee728b)  -> (artifact id: 'd122d4ca3db3b30bb52fd774428c1c5d') in 0.027143 seconds 
  Import took 0.033274 seconds .

========================================================================
Received Import Request.
  Time since last request: 0.000488 seconds.
  path: Assets/Stylized Nature Environment/Nature/tree_a.fbx
  artifactKey: Guid(d2bbfb4d2d8d8c549bbfc553b28464c4) Importer(815301076,1909f56bfc062723c751e8b465ee728b)
Start importing Assets/Stylized Nature Environment/Nature/tree_a.fbx using Guid(d2bbfb4d2d8d8c549bbfc553b28464c4) Importer(815301076,1909f56bfc062723c751e8b465ee728b)  -> (artifact id: '7ac3d691be530be454496200b807b9cd') in 0.032049 seconds 
  Import took 0.035750 seconds .

========================================================================
Received Import Request.
  Time since last request: 0.000236 seconds.
  path: Assets/Stylized Nature Environment/Nature/foliage01.psd
  artifactKey: Guid(fba874c609e587e4f8618336e5fa4e26) Importer(815301076,1909f56bfc062723c751e8b465ee728b)
Start importing Assets/Stylized Nature Environment/Nature/foliage01.psd using Guid(fba874c609e587e4f8618336e5fa4e26) Importer(815301076,1909f56bfc062723c751e8b465ee728b)  -> (artifact id: '4e00087d6c3c66cab8c7b47895e51da9') in 0.024675 seconds 
  Import took 0.029170 seconds .

========================================================================
Received Import Request.
  Time since last request: 0.000268 seconds.
  path: Assets/Stylized Nature Environment/Nature/tree_j.fbx
  artifactKey: Guid(cceb57b1fea70c94eb2be2c988604e75) Importer(815301076,1909f56bfc062723c751e8b465ee728b)
Start importing Assets/Stylized Nature Environment/Nature/tree_j.fbx using Guid(cceb57b1fea70c94eb2be2c988604e75) Importer(815301076,1909f56bfc062723c751e8b465ee728b)  -> (artifact id: '2d1de0cfbb5b5a5bc06ebc5338866a7d') in 0.029291 seconds 
  Import took 0.034146 seconds .

========================================================================
Received Import Request.
  Time since last request: 0.000392 seconds.
  path: Assets/Stylized Nature Environment/Nature/foliage03.psd
  artifactKey: Guid(633164e3c02f2ac479fa66f79859d719) Importer(815301076,1909f56bfc062723c751e8b465ee728b)
Start importing Assets/Stylized Nature Environment/Nature/foliage03.psd using Guid(633164e3c02f2ac479fa66f79859d719) Importer(815301076,1909f56bfc062723c751e8b465ee728b)  -> (artifact id: '8da3a0bc4b45ea26ea4a3ebc93af4743') in 0.025684 seconds 
  Import took 0.031310 seconds .

========================================================================
Received Import Request.
  Time since last request: 0.000440 seconds.
  path: Assets/Stylized Nature Environment/Nature/tree_h.fbx
  artifactKey: Guid(fd8085ede81f6dd4481420a9e77b93c9) Importer(815301076,1909f56bfc062723c751e8b465ee728b)
Start importing Assets/Stylized Nature Environment/Nature/tree_h.fbx using Guid(fd8085ede81f6dd4481420a9e77b93c9) Importer(815301076,1909f56bfc062723c751e8b465ee728b)  -> (artifact id: '03f4b3fb457b5658b7d8ae8aaf9aa26c') in 0.033747 seconds 
  Import took 0.037247 seconds .

========================================================================
Received Import Request.
  Time since last request: 0.000336 seconds.
  path: Assets/Stylized Nature Environment/Nature/foliage05.psd
  artifactKey: Guid(d7a333dce69eb6747bd4863e0eefe9e6) Importer(815301076,1909f56bfc062723c751e8b465ee728b)
Start importing Assets/Stylized Nature Environment/Nature/foliage05.psd using Guid(d7a333dce69eb6747bd4863e0eefe9e6) Importer(815301076,1909f56bfc062723c751e8b465ee728b)  -> (artifact id: '22b1c43e6b7d844bfc0ac3b5df90d8ab') in 0.023335 seconds 
  Import took 0.028553 seconds .

========================================================================
Received Import Request.
  Time since last request: 0.000351 seconds.
  path: Assets/Stylized Nature Environment/Nature/foliage06.psd
  artifactKey: Guid(54e7a4a97b3ae0a41be74acb0b61f20c) Importer(815301076,1909f56bfc062723c751e8b465ee728b)
Start importing Assets/Stylized Nature Environment/Nature/foliage06.psd using Guid(54e7a4a97b3ae0a41be74acb0b61f20c) Importer(815301076,1909f56bfc062723c751e8b465ee728b)  -> (artifact id: 'a762f6632a3c3e9a484f79b41f378705') in 0.029271 seconds 
  Import took 0.034294 seconds .

========================================================================
Received Import Request.
  Time since last request: 0.000697 seconds.
  path: Assets/Stylized Nature Environment/Nature/tree_c.fbx
  artifactKey: Guid(b2fbf33844166f447875af48fb38d3dc) Importer(815301076,1909f56bfc062723c751e8b465ee728b)
Start importing Assets/Stylized Nature Environment/Nature/tree_c.fbx using Guid(b2fbf33844166f447875af48fb38d3dc) Importer(815301076,1909f56bfc062723c751e8b465ee728b)  -> (artifact id: '2bba1536e8cc50e11850095a64a555d9') in 0.030180 seconds 
  Import took 0.033939 seconds .

========================================================================
Received Import Request.
  Time since last request: 0.000287 seconds.
  path: Assets/Stylized Nature Environment/Nature/foliage02.psd
  artifactKey: Guid(0926a7c3dcfd7de44bf3ddd000f5b798) Importer(815301076,1909f56bfc062723c751e8b465ee728b)
Start importing Assets/Stylized Nature Environment/Nature/foliage02.psd using Guid(0926a7c3dcfd7de44bf3ddd000f5b798) Importer(815301076,1909f56bfc062723c751e8b465ee728b)  -> (artifact id: 'd974ec549f41604ef0177906756a41ee') in 0.026284 seconds 
  Import took 0.030771 seconds .

========================================================================
Received Import Request.
  Time since last request: 0.000321 seconds.
  path: Assets/Stylized Nature Environment/Nature/tree_g.fbx
  artifactKey: Guid(04deee917b1259f4c9bf0e61653d9539) Importer(815301076,1909f56bfc062723c751e8b465ee728b)
Start importing Assets/Stylized Nature Environment/Nature/tree_g.fbx using Guid(04deee917b1259f4c9bf0e61653d9539) Importer(815301076,1909f56bfc062723c751e8b465ee728b)  -> (artifact id: '46e6d7f9e7738638ab15b47c57de556b') in 0.029256 seconds 
  Import took 0.034167 seconds .

========================================================================
Received Import Request.
  Time since last request: 0.000322 seconds.
  path: Assets/Stylized Nature Environment/Nature/foliage02.psd
  artifactKey: Guid(0926a7c3dcfd7de44bf3ddd000f5b798) Importer(815301076,1909f56bfc062723c751e8b465ee728b)
Start importing Assets/Stylized Nature Environment/Nature/foliage02.psd using Guid(0926a7c3dcfd7de44bf3ddd000f5b798) Importer(815301076,1909f56bfc062723c751e8b465ee728b)  -> (artifact id: 'd974ec549f41604ef0177906756a41ee') in 0.016348 seconds 
  Import took 0.020953 seconds .

========================================================================
Received Import Request.
  Time since last request: 0.000284 seconds.
  path: Assets/Stylized Nature Environment/Nature/tree_d.fbx
  artifactKey: Guid(0bd72e5f4b05a474496b3d6e952adbf8) Importer(815301076,1909f56bfc062723c751e8b465ee728b)
Start importing Assets/Stylized Nature Environment/Nature/tree_d.fbx using Guid(0bd72e5f4b05a474496b3d6e952adbf8) Importer(815301076,1909f56bfc062723c751e8b465ee728b)  -> (artifact id: '940851311d6b01fe20e69e89df382d24') in 0.029930 seconds 
  Import took 0.034075 seconds .

========================================================================
Received Import Request.
  Time since last request: 0.000669 seconds.
  path: Assets/Stylized Nature Environment/Nature/grass02.PSD
  artifactKey: Guid(3cb61207a9bdaf9478ba2bf776f28693) Importer(815301076,1909f56bfc062723c751e8b465ee728b)
Start importing Assets/Stylized Nature Environment/Nature/grass02.PSD using Guid(3cb61207a9bdaf9478ba2bf776f28693) Importer(815301076,1909f56bfc062723c751e8b465ee728b)  -> (artifact id: '15c8885d8dd51459ae157b6555ac1807') in 0.026345 seconds 
  Import took 0.030751 seconds .

========================================================================
Received Import Request.
  Time since last request: 0.000777 seconds.
  path: Assets/Stylized Nature Environment/Nature/grass03.PSD
  artifactKey: Guid(231de24365ebaa94babdcd1ee8b1ce1a) Importer(815301076,1909f56bfc062723c751e8b465ee728b)
Start importing Assets/Stylized Nature Environment/Nature/grass03.PSD using Guid(231de24365ebaa94babdcd1ee8b1ce1a) Importer(815301076,1909f56bfc062723c751e8b465ee728b)  -> (artifact id: '6bebf9061d3a3bc2a880da1a26abd557') in 0.024425 seconds 
  Import took 0.029578 seconds .

========================================================================
Received Import Request.
  Time since last request: 0.000283 seconds.
  path: Assets/Stylized Nature Environment/Nature/grass01.PSD
  artifactKey: Guid(98f1bb9bb34e89c4b86b5c20db33d56f) Importer(815301076,1909f56bfc062723c751e8b465ee728b)
Start importing Assets/Stylized Nature Environment/Nature/grass01.PSD using Guid(98f1bb9bb34e89c4b86b5c20db33d56f) Importer(815301076,1909f56bfc062723c751e8b465ee728b)  -> (artifact id: '333b2f7365c05d0287fe5893a2575287') in 0.025017 seconds 
  Import took 0.030784 seconds .

========================================================================
Received Import Request.
  Time since last request: 0.000296 seconds.
  path: Assets/Stylized Nature Environment/Nature/tree_e.fbx
  artifactKey: Guid(485b51d42c0c5b345a5850f12dd97eb4) Importer(815301076,1909f56bfc062723c751e8b465ee728b)
Start importing Assets/Stylized Nature Environment/Nature/tree_e.fbx using Guid(485b51d42c0c5b345a5850f12dd97eb4) Importer(815301076,1909f56bfc062723c751e8b465ee728b)  -> (artifact id: 'd2d5e71c54fa68d1d88f1c508494a218') in 0.031813 seconds 
  Import took 0.036185 seconds .

========================================================================
Received Import Request.
  Time since last request: 0.000439 seconds.
  path: Assets/Stylized Nature Environment/Nature/foliage07.psd
  artifactKey: Guid(29dd50bf784368c4abc407c60bf61519) Importer(815301076,1909f56bfc062723c751e8b465ee728b)
Start importing Assets/Stylized Nature Environment/Nature/foliage07.psd using Guid(29dd50bf784368c4abc407c60bf61519) Importer(815301076,1909f56bfc062723c751e8b465ee728b)  -> (artifact id: '5c4de8771959719531d7a592f5452b3c') in 0.026151 seconds 
  Import took 0.030971 seconds .

========================================================================
Received Import Request.
  Time since last request: 31.259024 seconds.
  path: Assets/Stylized Nature Environment
  artifactKey: Guid(b26f005ce356ef04db87737180cb06c3) Importer(815301076,1909f56bfc062723c751e8b465ee728b)
Start importing Assets/Stylized Nature Environment using Guid(b26f005ce356ef04db87737180cb06c3) Importer(815301076,1909f56bfc062723c751e8b465ee728b)  -> (artifact id: '9d8e833c1e79d9003cae962b84108202') in 0.017349 seconds 
  Import took 0.021183 seconds .

========================================================================
Received Import Request.
  Time since last request: 15.790018 seconds.
  path: Assets/Stylized Nature Environment/Scene
  artifactKey: Guid(c0f96688f2c40064eae116cbc7308b3e) Importer(815301076,1909f56bfc062723c751e8b465ee728b)
Start importing Assets/Stylized Nature Environment/Scene using Guid(c0f96688f2c40064eae116cbc7308b3e) Importer(815301076,1909f56bfc062723c751e8b465ee728b)  -> (artifact id: 'bcc1d03c97f9299a7b6c4aa84acb87b3') in 0.012597 seconds 
  Import took 0.016755 seconds .

========================================================================
Received Import Request.
  Time since last request: 3.729749 seconds.
  path: Assets/Stylized Nature Environment/Terrain/mountain.FBX
  artifactKey: Guid(13f795b7732ab2f479601ab748af4249) Importer(815301076,1909f56bfc062723c751e8b465ee728b)
Start importing Assets/Stylized Nature Environment/Terrain/mountain.FBX using Guid(13f795b7732ab2f479601ab748af4249) Importer(815301076,1909f56bfc062723c751e8b465ee728b)  -> (artifact id: '7a433c718f917430851671d67289794a') in 0.020034 seconds 
  Import took 0.023549 seconds .

========================================================================
Received Import Request.
  Time since last request: 0.000296 seconds.
  path: Assets/Stylized Nature Environment/Terrain/sky.FBX
  artifactKey: Guid(549f84bbc42ec39489d2d8627dddef59) Importer(815301076,1909f56bfc062723c751e8b465ee728b)
Start importing Assets/Stylized Nature Environment/Terrain/sky.FBX using Guid(549f84bbc42ec39489d2d8627dddef59) Importer(815301076,1909f56bfc062723c751e8b465ee728b)  -> (artifact id: '48dd5d1ec348c870c77b747ad01e2460') in 0.032295 seconds 
  Import took 0.035811 seconds .

========================================================================
Received Import Request.
  Time since last request: 1.979623 seconds.
  path: Assets/Stylized Nature Environment/ReadMe.txt
  artifactKey: Guid(7b16a47f17e798a4188665dc9cf0841e) Importer(815301076,1909f56bfc062723c751e8b465ee728b)
Start importing Assets/Stylized Nature Environment/ReadMe.txt using Guid(7b16a47f17e798a4188665dc9cf0841e) Importer(815301076,1909f56bfc062723c751e8b465ee728b)  -> (artifact id: '9c04467713cbb39c335fe71f337a2597') in 0.023096 seconds 
  Import took 0.026946 seconds .

========================================================================
Received Import Request.
  Time since last request: 22.797461 seconds.
  path: Assets/Stylized Nature Environment/Nature/tree_a.fbx
  artifactKey: Guid(d2bbfb4d2d8d8c549bbfc553b28464c4) Importer(815301076,1909f56bfc062723c751e8b465ee728b)
Start importing Assets/Stylized Nature Environment/Nature/tree_a.fbx using Guid(d2bbfb4d2d8d8c549bbfc553b28464c4) Importer(815301076,1909f56bfc062723c751e8b465ee728b)  -> (artifact id: '7b469c5d08ce2710f017496a99d75d91') in 0.031265 seconds 
  Import took 0.034757 seconds .

========================================================================
Received Import Request.
  Time since last request: 0.000361 seconds.
  path: Assets/Stylized Nature Environment/Nature/tree_k.fbx
  artifactKey: Guid(f9f7079375b9f594cbb8e49da61fc719) Importer(815301076,1909f56bfc062723c751e8b465ee728b)
Start importing Assets/Stylized Nature Environment/Nature/tree_k.fbx using Guid(f9f7079375b9f594cbb8e49da61fc719) Importer(815301076,1909f56bfc062723c751e8b465ee728b)  -> (artifact id: 'aa243ad63a366ac939ea2cd823f624ca') in 0.029972 seconds 
  Import took 0.033568 seconds .

========================================================================
Received Import Request.
  Time since last request: 0.000334 seconds.
  path: Assets/Stylized Nature Environment/Nature/tree_b.fbx
  artifactKey: Guid(9d4e7a78f889a844ca0d91916d92beb6) Importer(815301076,1909f56bfc062723c751e8b465ee728b)
Start importing Assets/Stylized Nature Environment/Nature/tree_b.fbx using Guid(9d4e7a78f889a844ca0d91916d92beb6) Importer(815301076,1909f56bfc062723c751e8b465ee728b)  -> (artifact id: '8cebf35fd91f0b48ea8ae2a74f793f6b') in 0.032486 seconds 
  Import took 0.036249 seconds .

========================================================================
Received Import Request.
  Time since last request: 0.000327 seconds.
  path: Assets/Stylized Nature Environment/Nature/tree_f.fbx
  artifactKey: Guid(d6390f08259b01b48ab6f39baec54113) Importer(815301076,1909f56bfc062723c751e8b465ee728b)
Start importing Assets/Stylized Nature Environment/Nature/tree_f.fbx using Guid(d6390f08259b01b48ab6f39baec54113) Importer(815301076,1909f56bfc062723c751e8b465ee728b)  -> (artifact id: '4a4f771ca2d91d6de1ef66e41d76c0aa') in 0.030684 seconds 
  Import took 0.034938 seconds .

========================================================================
Received Import Request.
  Time since last request: 0.000285 seconds.
  path: Assets/Stylized Nature Environment/Nature/tree_i.fbx
  artifactKey: Guid(679834144b39ebb49bfc8566678cec1b) Importer(815301076,1909f56bfc062723c751e8b465ee728b)
Start importing Assets/Stylized Nature Environment/Nature/tree_i.fbx using Guid(679834144b39ebb49bfc8566678cec1b) Importer(815301076,1909f56bfc062723c751e8b465ee728b)  -> (artifact id: '2610d16a2e0dcec0fdae88e4ea4c0cf2') in 0.029185 seconds 
  Import took 0.033171 seconds .

========================================================================
Received Import Request.
  Time since last request: 0.000374 seconds.
  path: Assets/Stylized Nature Environment/Nature/tree_j.fbx
  artifactKey: Guid(cceb57b1fea70c94eb2be2c988604e75) Importer(815301076,1909f56bfc062723c751e8b465ee728b)
Start importing Assets/Stylized Nature Environment/Nature/tree_j.fbx using Guid(cceb57b1fea70c94eb2be2c988604e75) Importer(815301076,1909f56bfc062723c751e8b465ee728b)  -> (artifact id: '1676601ced041a9c3fd6ec18f03ce596') in 0.034186 seconds 
  Import took 0.039154 seconds .

========================================================================
Received Import Request.
  Time since last request: 0.000294 seconds.
  path: Assets/Stylized Nature Environment/Nature/tree_h.fbx
  artifactKey: Guid(fd8085ede81f6dd4481420a9e77b93c9) Importer(815301076,1909f56bfc062723c751e8b465ee728b)
Start importing Assets/Stylized Nature Environment/Nature/tree_h.fbx using Guid(fd8085ede81f6dd4481420a9e77b93c9) Importer(815301076,1909f56bfc062723c751e8b465ee728b)  -> (artifact id: 'e5bb6fb22e0226a10e6e20d63d5b4c34') in 0.033630 seconds 
  Import took 0.037206 seconds .

========================================================================
Received Import Request.
  Time since last request: 0.000271 seconds.
  path: Assets/Stylized Nature Environment/Nature/tree_c.fbx
  artifactKey: Guid(b2fbf33844166f447875af48fb38d3dc) Importer(815301076,1909f56bfc062723c751e8b465ee728b)
Start importing Assets/Stylized Nature Environment/Nature/tree_c.fbx using Guid(b2fbf33844166f447875af48fb38d3dc) Importer(815301076,1909f56bfc062723c751e8b465ee728b)  -> (artifact id: '351680ebf4dc08f9a5f02b6065dfdc45') in 0.029680 seconds 
  Import took 0.033620 seconds .

========================================================================
Received Import Request.
  Time since last request: 0.000284 seconds.
  path: Assets/Stylized Nature Environment/Nature/tree_g.fbx
  artifactKey: Guid(04deee917b1259f4c9bf0e61653d9539) Importer(815301076,1909f56bfc062723c751e8b465ee728b)
Start importing Assets/Stylized Nature Environment/Nature/tree_g.fbx using Guid(04deee917b1259f4c9bf0e61653d9539) Importer(815301076,1909f56bfc062723c751e8b465ee728b)  -> (artifact id: '51d02ca033dd2c92e93cc1efac2487ac') in 0.031493 seconds 
  Import took 0.035364 seconds .

========================================================================
Received Import Request.
  Time since last request: 0.000281 seconds.
  path: Assets/Stylized Nature Environment/Nature/tree_d.fbx
  artifactKey: Guid(0bd72e5f4b05a474496b3d6e952adbf8) Importer(815301076,1909f56bfc062723c751e8b465ee728b)
Start importing Assets/Stylized Nature Environment/Nature/tree_d.fbx using Guid(0bd72e5f4b05a474496b3d6e952adbf8) Importer(815301076,1909f56bfc062723c751e8b465ee728b)  -> (artifact id: '92f946e186091e3284d84dce8feeb110') in 0.027472 seconds 
  Import took 0.031744 seconds .

========================================================================
Received Import Request.
  Time since last request: 0.000308 seconds.
  path: Assets/Stylized Nature Environment/Nature/tree_e.fbx
  artifactKey: Guid(485b51d42c0c5b345a5850f12dd97eb4) Importer(815301076,1909f56bfc062723c751e8b465ee728b)
Start importing Assets/Stylized Nature Environment/Nature/tree_e.fbx using Guid(485b51d42c0c5b345a5850f12dd97eb4) Importer(815301076,1909f56bfc062723c751e8b465ee728b)  -> (artifact id: 'd596d3962d7d3071d26589b2721dc6e8') in 0.037489 seconds 
  Import took 0.041640 seconds .

========================================================================
Received Import Request.
  Time since last request: 0.003753 seconds.
  path: Assets/Stylized Nature Environment/Nature/tree_e.fbx
  artifactKey: Guid(485b51d42c0c5b345a5850f12dd97eb4) Importer(815301076,1909f56bfc062723c751e8b465ee728b)
Start importing Assets/Stylized Nature Environment/Nature/tree_e.fbx using Guid(485b51d42c0c5b345a5850f12dd97eb4) Importer(815301076,1909f56bfc062723c751e8b465ee728b)  -> (artifact id: 'd596d3962d7d3071d26589b2721dc6e8') in 0.030928 seconds 
  Import took 0.034428 seconds .

========================================================================
Received Import Request.
  Time since last request: 6.685745 seconds.
  path: Assets/Stylized Nature Environment/PostProcessing Sample
  artifactKey: Guid(5dd25524ab0c26d4c9689e7922eb5bf8) Importer(815301076,1909f56bfc062723c751e8b465ee728b)
Start importing Assets/Stylized Nature Environment/PostProcessing Sample using Guid(5dd25524ab0c26d4c9689e7922eb5bf8) Importer(815301076,1909f56bfc062723c751e8b465ee728b)  -> (artifact id: '928357768011a3895e54485b09e25bba') in 0.012341 seconds 
  Import took 0.015126 seconds .

========================================================================
Received Import Request.
  Time since last request: 0.003711 seconds.
  path: Assets/Stylized Nature Environment/PostProcessing Sample
  artifactKey: Guid(5dd25524ab0c26d4c9689e7922eb5bf8) Importer(815301076,1909f56bfc062723c751e8b465ee728b)
Start importing Assets/Stylized Nature Environment/PostProcessing Sample using Guid(5dd25524ab0c26d4c9689e7922eb5bf8) Importer(815301076,1909f56bfc062723c751e8b465ee728b)  -> (artifact id: '928357768011a3895e54485b09e25bba') in 0.003575 seconds 
  Import took 0.007407 seconds .

========================================================================
Received Import Request.
  Time since last request: 0.039414 seconds.
  path: Assets/Stylized Nature Environment/PostProcessing Sample/Post-Processing Profile - Fall.asset
  artifactKey: Guid(4e35d91ccdd1e7444971f9d872669c45) Importer(815301076,1909f56bfc062723c751e8b465ee728b)
Start importing Assets/Stylized Nature Environment/PostProcessing Sample/Post-Processing Profile - Fall.asset using Guid(4e35d91ccdd1e7444971f9d872669c45) Importer(815301076,1909f56bfc062723c751e8b465ee728b)  -> (artifact id: 'b9c552916174b6e9d59ecb8743621a41') in 0.013234 seconds 
  Import took 0.016988 seconds .

========================================================================
Received Import Request.
  Time since last request: 0.000309 seconds.
  path: Assets/Stylized Nature Environment/PostProcessing Sample/Post-Processing Profile - Spring.asset
  artifactKey: Guid(a28b07d26b56b3b4e9156f194a72312c) Importer(815301076,1909f56bfc062723c751e8b465ee728b)
Start importing Assets/Stylized Nature Environment/PostProcessing Sample/Post-Processing Profile - Spring.asset using Guid(a28b07d26b56b3b4e9156f194a72312c) Importer(815301076,1909f56bfc062723c751e8b465ee728b)  -> (artifact id: 'ce8182c3a918b20ebcb15a9d8f499f7d') in 0.011083 seconds 
  Import took 0.015045 seconds .

========================================================================
Received Import Request.
  Time since last request: 106.156625 seconds.
  path: Assets/LowPoly Environment Pack
  artifactKey: Guid(af3ff39e75825374992b933c771ea102) Importer(815301076,1909f56bfc062723c751e8b465ee728b)
Start importing Assets/LowPoly Environment Pack using Guid(af3ff39e75825374992b933c771ea102) Importer(815301076,1909f56bfc062723c751e8b465ee728b)  -> (artifact id: 'b39f3f7ba607fff0882dab75f90b644b') in 0.016304 seconds 
  Import took 0.020779 seconds .

========================================================================
Received Import Request.
  Time since last request: 3.245818 seconds.
  path: Assets/LowPoly Environment Pack/Prefabs
  artifactKey: Guid(0dc6268c13712ab439ede78390bed311) Importer(815301076,1909f56bfc062723c751e8b465ee728b)
Start importing Assets/LowPoly Environment Pack/Prefabs using Guid(0dc6268c13712ab439ede78390bed311) Importer(815301076,1909f56bfc062723c751e8b465ee728b)  -> (artifact id: 'ca300906b5327b21961ca912a0389b9b') in 0.005492 seconds 
  Import took 0.008866 seconds .

========================================================================
Received Import Request.
  Time since last request: 0.070583 seconds.
  path: Assets/LowPoly Environment Pack/Prefabs/Bush_1.prefab
  artifactKey: Guid(d82a0024cf3346b4695544dd461fb02b) Importer(815301076,1909f56bfc062723c751e8b465ee728b)
Start importing Assets/LowPoly Environment Pack/Prefabs/Bush_1.prefab using Guid(d82a0024cf3346b4695544dd461fb02b) Importer(815301076,1909f56bfc062723c751e8b465ee728b)  -> (artifact id: 'db04143fc76cd2566654f17a0a130cf3') in 0.019402 seconds 
  Import took 0.022565 seconds .

========================================================================
Received Import Request.
  Time since last request: 0.000212 seconds.
  path: Assets/LowPoly Environment Pack/Prefabs/Grass_2.prefab
  artifactKey: Guid(c04be9f92ebf58b46b2204ac3aaa8785) Importer(815301076,1909f56bfc062723c751e8b465ee728b)
Start importing Assets/LowPoly Environment Pack/Prefabs/Grass_2.prefab using Guid(c04be9f92ebf58b46b2204ac3aaa8785) Importer(815301076,1909f56bfc062723c751e8b465ee728b)  -> (artifact id: 'd98e5a0430aefd3c60943c7e31328508') in 0.022971 seconds 
  Import took 0.026188 seconds .

========================================================================
Received Import Request.
  Time since last request: 0.000320 seconds.
  path: Assets/LowPoly Environment Pack/Prefabs/Log_1.prefab
  artifactKey: Guid(0761e9c9debdfd34fa20f5859c6f08ff) Importer(815301076,1909f56bfc062723c751e8b465ee728b)
Start importing Assets/LowPoly Environment Pack/Prefabs/Log_1.prefab using Guid(0761e9c9debdfd34fa20f5859c6f08ff) Importer(815301076,1909f56bfc062723c751e8b465ee728b)  -> (artifact id: '5cf7a7e3c09b2ba7939d5ef8c82a0908') in 0.023224 seconds 
  Import took 0.027378 seconds .

========================================================================
Received Import Request.
  Time since last request: 0.000392 seconds.
  path: Assets/LowPoly Environment Pack/Prefabs/Plant_1.prefab
  artifactKey: Guid(48ad265f338caaf4da3a864816595b22) Importer(815301076,1909f56bfc062723c751e8b465ee728b)
Start importing Assets/LowPoly Environment Pack/Prefabs/Plant_1.prefab using Guid(48ad265f338caaf4da3a864816595b22) Importer(815301076,1909f56bfc062723c751e8b465ee728b)  -> (artifact id: '3e8370b569f9ea3bfcd37784864d3161') in 0.021648 seconds 
  Import took 0.025249 seconds .

========================================================================
Received Import Request.
  Time since last request: 0.000247 seconds.
  path: Assets/LowPoly Environment Pack/Prefabs/Rock_1.prefab
  artifactKey: Guid(74442f407a24ac84f95f08a83b1bb617) Importer(815301076,1909f56bfc062723c751e8b465ee728b)
Start importing Assets/LowPoly Environment Pack/Prefabs/Rock_1.prefab using Guid(74442f407a24ac84f95f08a83b1bb617) Importer(815301076,1909f56bfc062723c751e8b465ee728b)  -> (artifact id: '7d5f886da2f80552830c8fbe55876964') in 0.026294 seconds 
  Import took 0.030082 seconds .

========================================================================
Received Import Request.
  Time since last request: 0.000243 seconds.
  path: Assets/LowPoly Environment Pack/Prefabs/Mounting_3.prefab
  artifactKey: Guid(37bf6b4eaddee8d448771b63238e03d1) Importer(815301076,1909f56bfc062723c751e8b465ee728b)
Start importing Assets/LowPoly Environment Pack/Prefabs/Mounting_3.prefab using Guid(37bf6b4eaddee8d448771b63238e03d1) Importer(815301076,1909f56bfc062723c751e8b465ee728b)  -> (artifact id: 'c8fe2526bc1b83b92d5f87fc87b7e2bb') in 0.024443 seconds 
  Import took 0.027703 seconds .

========================================================================
Received Import Request.
  Time since last request: 0.000292 seconds.
  path: Assets/LowPoly Environment Pack/Prefabs/Rock_2.prefab
  artifactKey: Guid(4983f395b2610de4e9f688a87bbd9af9) Importer(815301076,1909f56bfc062723c751e8b465ee728b)
Start importing Assets/LowPoly Environment Pack/Prefabs/Rock_2.prefab using Guid(4983f395b2610de4e9f688a87bbd9af9) Importer(815301076,1909f56bfc062723c751e8b465ee728b)  -> (artifact id: '5d15251a1ba114297f1b72243a2ac729') in 0.023737 seconds 
  Import took 0.027095 seconds .

========================================================================
Received Import Request.
  Time since last request: 0.000335 seconds.
  path: Assets/LowPoly Environment Pack/Prefabs/Rock_5.prefab
  artifactKey: Guid(3a33ce58c20826a4ea7253f84444654b) Importer(815301076,1909f56bfc062723c751e8b465ee728b)
Start importing Assets/LowPoly Environment Pack/Prefabs/Rock_5.prefab using Guid(3a33ce58c20826a4ea7253f84444654b) Importer(815301076,1909f56bfc062723c751e8b465ee728b)  -> (artifact id: 'ea6d5a94be5fb594f08c17e146727454') in 0.024914 seconds 
  Import took 0.029323 seconds .

========================================================================
Received Import Request.
  Time since last request: 0.000292 seconds.
  path: Assets/LowPoly Environment Pack/Prefabs/Plant_3.prefab
  artifactKey: Guid(01bdef6597b249b44a9530ab656246fc) Importer(815301076,1909f56bfc062723c751e8b465ee728b)
Start importing Assets/LowPoly Environment Pack/Prefabs/Plant_3.prefab using Guid(01bdef6597b249b44a9530ab656246fc) Importer(815301076,1909f56bfc062723c751e8b465ee728b)  -> (artifact id: 'ea819111d056a294e63fb44c2302ecba') in 0.023207 seconds 
  Import took 0.026576 seconds .

========================================================================
Received Import Request.
  Time since last request: 0.000293 seconds.
  path: Assets/LowPoly Environment Pack/Prefabs/Environment_1.prefab
  artifactKey: Guid(93acc49b5a9f4e84b89aa62e0282a2a3) Importer(815301076,1909f56bfc062723c751e8b465ee728b)
Start importing Assets/LowPoly Environment Pack/Prefabs/Environment_1.prefab using Guid(93acc49b5a9f4e84b89aa62e0282a2a3) Importer(815301076,1909f56bfc062723c751e8b465ee728b)  -> (artifact id: '2d617c4687e2d8220e0bf3106b98c90a') in 0.027785 seconds 
  Import took 0.030967 seconds .

========================================================================
Received Import Request.
  Time since last request: 0.000274 seconds.
  path: Assets/LowPoly Environment Pack/Prefabs/Mounting_2.prefab
  artifactKey: Guid(8732d563a511d834e823ac895b8a4004) Importer(815301076,1909f56bfc062723c751e8b465ee728b)
Start importing Assets/LowPoly Environment Pack/Prefabs/Mounting_2.prefab using Guid(8732d563a511d834e823ac895b8a4004) Importer(815301076,1909f56bfc062723c751e8b465ee728b)  -> (artifact id: 'c74caac7fdced744bc1fe3957723dbb6') in 0.024085 seconds 
  Import took 0.027486 seconds .

========================================================================
Received Import Request.
  Time since last request: 0.000426 seconds.
  path: Assets/LowPoly Environment Pack/Prefabs/Plant_6.prefab
  artifactKey: Guid(21cba551342e0284a87bcb1672a662d2) Importer(815301076,1909f56bfc062723c751e8b465ee728b)
Start importing Assets/LowPoly Environment Pack/Prefabs/Plant_6.prefab using Guid(21cba551342e0284a87bcb1672a662d2) Importer(815301076,1909f56bfc062723c751e8b465ee728b)  -> (artifact id: '52b78124e19d49f13c94b71198843ed4') in 0.023457 seconds 
  Import took 0.027412 seconds .

========================================================================
Received Import Request.
  Time since last request: 0.000283 seconds.
  path: Assets/LowPoly Environment Pack/Prefabs/Rock_4.prefab
  artifactKey: Guid(836ca07fc69b4184ca14265c7d24030d) Importer(815301076,1909f56bfc062723c751e8b465ee728b)
Start importing Assets/LowPoly Environment Pack/Prefabs/Rock_4.prefab using Guid(836ca07fc69b4184ca14265c7d24030d) Importer(815301076,1909f56bfc062723c751e8b465ee728b)  -> (artifact id: '50740feb43b32e8a9df6aa313af92b7c') in 0.022608 seconds 
  Import took 0.026111 seconds .

========================================================================
Received Import Request.
  Time since last request: 0.000270 seconds.
  path: Assets/LowPoly Environment Pack/Prefabs/Log_2.prefab
  artifactKey: Guid(7c1b7eb3905d5694688d9bb9fe2c0d47) Importer(815301076,1909f56bfc062723c751e8b465ee728b)
Start importing Assets/LowPoly Environment Pack/Prefabs/Log_2.prefab using Guid(7c1b7eb3905d5694688d9bb9fe2c0d47) Importer(815301076,1909f56bfc062723c751e8b465ee728b)  -> (artifact id: '6f21ebf12bb19deae4dd84795cddf8d2') in 0.024209 seconds 
  Import took 0.027550 seconds .

========================================================================
Received Import Request.
  Time since last request: 0.000307 seconds.
  path: Assets/LowPoly Environment Pack/Prefabs/Plant_4.prefab
  artifactKey: Guid(41e722f5443cbd048b675375e24f1beb) Importer(815301076,1909f56bfc062723c751e8b465ee728b)
Start importing Assets/LowPoly Environment Pack/Prefabs/Plant_4.prefab using Guid(41e722f5443cbd048b675375e24f1beb) Importer(815301076,1909f56bfc062723c751e8b465ee728b)  -> (artifact id: '1cd26fffa4492fe9855ae65cee54504b') in 0.024435 seconds 
  Import took 0.029407 seconds .

========================================================================
Received Import Request.
  Time since last request: 0.000474 seconds.
  path: Assets/LowPoly Environment Pack/Prefabs/Mounting_1.prefab
  artifactKey: Guid(e05ee61d6dad0e54eb51d1c8ec3becc6) Importer(815301076,1909f56bfc062723c751e8b465ee728b)
Start importing Assets/LowPoly Environment Pack/Prefabs/Mounting_1.prefab using Guid(e05ee61d6dad0e54eb51d1c8ec3becc6) Importer(815301076,1909f56bfc062723c751e8b465ee728b)  -> (artifact id: 'f512478a605b8abafad0d8f6aa0ea2d4') in 0.024082 seconds 
  Import took 0.028061 seconds .

========================================================================
Received Import Request.
  Time since last request: 0.000317 seconds.
  path: Assets/LowPoly Environment Pack/Prefabs/Bush_2.prefab
  artifactKey: Guid(0de8a3d472546b04aa775e83b052764e) Importer(815301076,1909f56bfc062723c751e8b465ee728b)
Start importing Assets/LowPoly Environment Pack/Prefabs/Bush_2.prefab using Guid(0de8a3d472546b04aa775e83b052764e) Importer(815301076,1909f56bfc062723c751e8b465ee728b)  -> (artifact id: 'f21a66809102b0f30609f277c464d9d6') in 0.026647 seconds 
  Import took 0.031123 seconds .

========================================================================
Received Import Request.
  Time since last request: 0.000371 seconds.
  path: Assets/LowPoly Environment Pack/Prefabs/Log_3.prefab
  artifactKey: Guid(d7de6c400fc6dce4e847672adb026364) Importer(815301076,1909f56bfc062723c751e8b465ee728b)
Start importing Assets/LowPoly Environment Pack/Prefabs/Log_3.prefab using Guid(d7de6c400fc6dce4e847672adb026364) Importer(815301076,1909f56bfc062723c751e8b465ee728b)  -> (artifact id: 'c660a4f4f2380888d2c6fadff5b56f96') in 0.022940 seconds 
  Import took 0.026396 seconds .

========================================================================
Received Import Request.
  Time since last request: 0.000288 seconds.
  path: Assets/LowPoly Environment Pack/Prefabs/Bush_3.prefab
  artifactKey: Guid(27ce25370e5628e4097b7cb95b3a151d) Importer(815301076,1909f56bfc062723c751e8b465ee728b)
Start importing Assets/LowPoly Environment Pack/Prefabs/Bush_3.prefab using Guid(27ce25370e5628e4097b7cb95b3a151d) Importer(815301076,1909f56bfc062723c751e8b465ee728b)  -> (artifact id: '3929b66195e75d0713aa02db888171cf') in 0.024409 seconds 
  Import took 0.028713 seconds .

========================================================================
Received Import Request.
  Time since last request: 0.000322 seconds.
  path: Assets/LowPoly Environment Pack/Prefabs/Plant_5.prefab
  artifactKey: Guid(fd4804b84d34a784ea6831ede116af4c) Importer(815301076,1909f56bfc062723c751e8b465ee728b)
Start importing Assets/LowPoly Environment Pack/Prefabs/Plant_5.prefab using Guid(fd4804b84d34a784ea6831ede116af4c) Importer(815301076,1909f56bfc062723c751e8b465ee728b)  -> (artifact id: '80cb6a6d5cfcf8253e306f39e0f1cda3') in 0.025621 seconds 
  Import took 0.029991 seconds .

========================================================================
Received Import Request.
  Time since last request: 0.000280 seconds.
  path: Assets/LowPoly Environment Pack/Prefabs/Rock_6.prefab
  artifactKey: Guid(c53e680fdc8fae04d91b4ce9e548d2df) Importer(815301076,1909f56bfc062723c751e8b465ee728b)
Start importing Assets/LowPoly Environment Pack/Prefabs/Rock_6.prefab using Guid(c53e680fdc8fae04d91b4ce9e548d2df) Importer(815301076,1909f56bfc062723c751e8b465ee728b)  -> (artifact id: 'e94de7373862c47efa52f0407f1dcc68') in 0.023965 seconds 
  Import took 0.027496 seconds .

========================================================================
Received Import Request.
  Time since last request: 0.000276 seconds.
  path: Assets/LowPoly Environment Pack/Prefabs/Plant_7.prefab
  artifactKey: Guid(1a6a34cedc83b654099dbb403ec40524) Importer(815301076,1909f56bfc062723c751e8b465ee728b)
Start importing Assets/LowPoly Environment Pack/Prefabs/Plant_7.prefab using Guid(1a6a34cedc83b654099dbb403ec40524) Importer(815301076,1909f56bfc062723c751e8b465ee728b)  -> (artifact id: '0114fff3090e5561b344284f66a62568') in 0.023572 seconds 
  Import took 0.027064 seconds .

========================================================================
Received Import Request.
  Time since last request: 0.000315 seconds.
  path: Assets/LowPoly Environment Pack/Prefabs/Plant_2.prefab
  artifactKey: Guid(4dcb45769932d8b449fc6523626179be) Importer(815301076,1909f56bfc062723c751e8b465ee728b)
Start importing Assets/LowPoly Environment Pack/Prefabs/Plant_2.prefab using Guid(4dcb45769932d8b449fc6523626179be) Importer(815301076,1909f56bfc062723c751e8b465ee728b)  -> (artifact id: '9ffc922aca4602657caf1bcc038065c4') in 0.024395 seconds 
  Import took 0.028107 seconds .

========================================================================
Received Import Request.
  Time since last request: 0.000280 seconds.
  path: Assets/LowPoly Environment Pack/Prefabs/Grass_1.prefab
  artifactKey: Guid(b2199aadf1bb8c4449f3edfc84a39f78) Importer(815301076,1909f56bfc062723c751e8b465ee728b)
Start importing Assets/LowPoly Environment Pack/Prefabs/Grass_1.prefab using Guid(b2199aadf1bb8c4449f3edfc84a39f78) Importer(815301076,1909f56bfc062723c751e8b465ee728b)  -> (artifact id: '0176cac3573b70fff06cd1f82680f70c') in 0.023412 seconds 
  Import took 0.027633 seconds .

========================================================================
Received Import Request.
  Time since last request: 0.000204 seconds.
  path: Assets/LowPoly Environment Pack/Prefabs/Rock_3.prefab
  artifactKey: Guid(da41fd2967a439d409358c2214a5409e) Importer(815301076,1909f56bfc062723c751e8b465ee728b)
Start importing Assets/LowPoly Environment Pack/Prefabs/Rock_3.prefab using Guid(da41fd2967a439d409358c2214a5409e) Importer(815301076,1909f56bfc062723c751e8b465ee728b)  -> (artifact id: 'd8c7cf54be911599e0c3bd7eb7150827') in 0.028590 seconds 
  Import took 0.032334 seconds .

========================================================================
Received Import Request.
  Time since last request: 2.293641 seconds.
  path: Assets/LowPoly Environment Pack/Prefabs/Stone_1.prefab
  artifactKey: Guid(0f9577b4dda6cc546abea4737be5a392) Importer(815301076,1909f56bfc062723c751e8b465ee728b)
Start importing Assets/LowPoly Environment Pack/Prefabs/Stone_1.prefab using Guid(0f9577b4dda6cc546abea4737be5a392) Importer(815301076,1909f56bfc062723c751e8b465ee728b)  -> (artifact id: 'a7e0eea5eb1c80cc77381ec3e249f103') in 0.018252 seconds 
  Import took 0.021968 seconds .

========================================================================
Received Import Request.
  Time since last request: 0.000393 seconds.
  path: Assets/LowPoly Environment Pack/Prefabs/Tree_2.prefab
  artifactKey: Guid(dc00aab85b301f242896a77c4b442ec0) Importer(815301076,1909f56bfc062723c751e8b465ee728b)
Start importing Assets/LowPoly Environment Pack/Prefabs/Tree_2.prefab using Guid(dc00aab85b301f242896a77c4b442ec0) Importer(815301076,1909f56bfc062723c751e8b465ee728b)  -> (artifact id: 'd9760a3922adf41b6897497179a838b5') in 0.031003 seconds 
  Import took 0.035408 seconds .

========================================================================
Received Import Request.
  Time since last request: 0.000356 seconds.
  path: Assets/LowPoly Environment Pack/Prefabs/Tree_3.prefab
  artifactKey: Guid(fa6105287f77b1240a0017f7d23434c2) Importer(815301076,1909f56bfc062723c751e8b465ee728b)
Start importing Assets/LowPoly Environment Pack/Prefabs/Tree_3.prefab using Guid(fa6105287f77b1240a0017f7d23434c2) Importer(815301076,1909f56bfc062723c751e8b465ee728b)  -> (artifact id: '47c30fe112002c5b845137a0027d54a7') in 0.030366 seconds 
  Import took 0.034325 seconds .

========================================================================
Received Import Request.
  Time since last request: 0.000351 seconds.
  path: Assets/LowPoly Environment Pack/Prefabs/Terrain_1.prefab
  artifactKey: Guid(2bd413b982191d54396bb381188bb4d0) Importer(815301076,1909f56bfc062723c751e8b465ee728b)
Start importing Assets/LowPoly Environment Pack/Prefabs/Terrain_1.prefab using Guid(2bd413b982191d54396bb381188bb4d0) Importer(815301076,1909f56bfc062723c751e8b465ee728b)  -> (artifact id: '00546433be37f9c6a1d5b61c82ffb2b3') in 0.025108 seconds 
  Import took 0.028650 seconds .

========================================================================
Received Import Request.
  Time since last request: 0.000266 seconds.
  path: Assets/LowPoly Environment Pack/Prefabs/Terrain_2.prefab
  artifactKey: Guid(ef140beec582a5a46a6362fcfc31784d) Importer(815301076,1909f56bfc062723c751e8b465ee728b)
Start importing Assets/LowPoly Environment Pack/Prefabs/Terrain_2.prefab using Guid(ef140beec582a5a46a6362fcfc31784d) Importer(815301076,1909f56bfc062723c751e8b465ee728b)  -> (artifact id: '50a39bf2a1daa163f3175cf29ba36ac0') in 0.023485 seconds 
  Import took 0.026534 seconds .

========================================================================
Received Import Request.
  Time since last request: 0.000282 seconds.
  path: Assets/LowPoly Environment Pack/Prefabs/Tree_1.prefab
  artifactKey: Guid(c7821bc923171f24094e69062402d005) Importer(815301076,1909f56bfc062723c751e8b465ee728b)
Start importing Assets/LowPoly Environment Pack/Prefabs/Tree_1.prefab using Guid(c7821bc923171f24094e69062402d005) Importer(815301076,1909f56bfc062723c751e8b465ee728b)  -> (artifact id: 'ca1256d81c1af91bc5d073b81742baf4') in 0.026174 seconds 
  Import took 0.029265 seconds .

========================================================================
Received Import Request.
  Time since last request: 612.247494 seconds.
  path: Assets/Samples
  artifactKey: Guid(bb1743afb34b144419b442ddeeb869f4) Importer(815301076,1909f56bfc062723c751e8b465ee728b)
Start importing Assets/Samples using Guid(bb1743afb34b144419b442ddeeb869f4) Importer(815301076,1909f56bfc062723c751e8b465ee728b)  -> (artifact id: '26f4d15c3a1e00d5a473d9f81b37abb3') in 0.012351 seconds 
  Import took 0.022852 seconds .

========================================================================
Received Import Request.
  Time since last request: 102.445902 seconds.
  path: Assets/XR
  artifactKey: Guid(8d7d717b4bb2f0842b2b5719d8aa7b3e) Importer(815301076,1909f56bfc062723c751e8b465ee728b)
Start importing Assets/XR using Guid(8d7d717b4bb2f0842b2b5719d8aa7b3e) Importer(815301076,1909f56bfc062723c751e8b465ee728b)  -> (artifact id: 'd761e1216d1635d0060dc8441f006023') in 0.022216 seconds 
  Import took 0.028462 seconds .

AssetImportWorkerClient::OnTransportError - code=2 error=End of file
